<?xml version="1.0" encoding="UTF-8"?>
<!-- Generated by org.testng.reporters.JUnitReportReporter -->
<testsuite hostname="Yuvaraj" failures="0" tests="2" name="com.TestNG.parellelTest" time="11.796" errors="0" timestamp="2023-03-18T09:37:23 IST" skipped="0">
  <testcase classname="com.TestNG.parellelTest" name="edgeBrowser" time="7.021"/>
  <system-out/>
  <testcase classname="com.TestNG.parellelTest" name="ChromeTest" time="4.775"/>
  <system-out/>
</testsuite> <!-- com.TestNG.parellelTest -->
