<?xml version="1.0" encoding="UTF-8"?>
<!-- Generated by org.testng.reporters.JUnitReportReporter -->
<testsuite hostname="Yuvaraj" failures="0" tests="6" name="com.TestNG.invocationCount" time="0.016" errors="0" timestamp="2023-03-08T11:26:29 IST" skipped="0">
  <testcase classname="com.TestNG.invocationCount" name="setProperty" time="0.001"/>
  <system-out/>
  <testcase classname="com.TestNG.invocationCount" name="BrowsLaunch" time="0.010"/>
  <system-out/>
  <testcase classname="com.TestNG.invocationCount" name="reFresh" time="0.001"/>
  <system-out/>
  <testcase classname="com.TestNG.invocationCount" name="reFresh" time="0.001"/>
  <system-out/>
  <testcase classname="com.TestNG.invocationCount" name="reFresh" time="0.003"/>
  <system-out/>
  <testcase classname="com.TestNG.invocationCount" name="getUrl" time="0.000"/>
  <system-out/>
</testsuite> <!-- com.TestNG.invocationCount -->
