<?xml version="1.0" encoding="UTF-8"?>
<!-- Generated by org.testng.reporters.JUnitReportReporter -->
<testsuite hostname="Yuvaraj" failures="0" tests="3" name="com.TestNG.crossBrowser" time="26.230" errors="0" timestamp="2023-03-18T09:30:14 IST" skipped="0">
  <testcase classname="com.TestNG.crossBrowser" name="FireFox" time="13.174"/>
  <system-out/>
  <testcase classname="com.TestNG.crossBrowser" name="edgeBrowse" time="5.841"/>
  <system-out/>
  <testcase classname="com.TestNG.crossBrowser" name="chromeBrowse" time="7.215"/>
  <system-out/>
</testsuite> <!-- com.TestNG.crossBrowser -->
