<?xml version="1.0" encoding="UTF-8"?>
<!-- Generated by org.testng.reporters.JUnitReportReporter -->
<testsuite hostname="Yuvaraj" failures="0" tests="5" name="com.TestNG.TestngProgram$dependency_Based" time="0.015" errors="0" timestamp="2023-03-06T08:46:08 IST" skipped="0">
  <testcase classname="com.TestNG.TestngProgram$dependency_Based" name="Sow" time="0.002"/>
  <system-out/>
  <testcase classname="com.TestNG.TestngProgram$dependency_Based" name="Smit" time="0.001"/>
  <system-out/>
  <testcase classname="com.TestNG.TestngProgram$dependency_Based" name="yuva" time="0.007"/>
  <system-out/>
  <testcase classname="com.TestNG.TestngProgram$dependency_Based" name="faris" time="0.003"/>
  <system-out/>
  <testcase classname="com.TestNG.TestngProgram$dependency_Based" name="Sim" time="0.002"/>
  <system-out/>
</testsuite> <!-- com.TestNG.TestngProgram$dependency_Based -->
