<?xml version="1.0" encoding="UTF-8"?>
<!-- Generated by org.testng.reporters.JUnitReportReporter -->
<testsuite hostname="Yuvaraj" failures="0" tests="4" name="com.TestNG.priorityTest" time="0.013" errors="0" timestamp="2023-03-06T08:53:42 IST" skipped="0">
  <testcase classname="com.TestNG.priorityTest" name="city" time="0.007"/>
  <system-out/>
  <testcase classname="com.TestNG.priorityTest" name="name" time="0.003"/>
  <system-out/>
  <testcase classname="com.TestNG.priorityTest" name="qualification" time="0.001"/>
  <system-out/>
  <testcase classname="com.TestNG.priorityTest" name="company" time="0.002"/>
  <system-out/>
</testsuite> <!-- com.TestNG.priorityTest -->
